<?xml version="1.0" encoding="UTF-8"?>
<testsuite xmlns:xsi="http://www.w3.org/2001/XMLSchema-instance" xsi:noNamespaceSchemaLocation="https://maven.apache.org/surefire/maven-surefire-plugin/xsd/surefire-test-report.xsd" name="TestSuite" time="19.326" tests="5" errors="0" skipped="0" failures="4">
  <properties>
[...]
</properties>
  <testcase name="add_product_to_cart" classname="org.example.Test_Add_Product_To_Cart" time="0">
    <failure type="java.lang.NullPointerException">java.lang.NullPointerException
	at org.example.Test_Add_Product_To_Cart.add_product_to_cart(Test_Add_Product_To_Cart.java:32)
</failure>
    <system-err><![CDATA[SLF4J: Failed to load class "org.slf4j.impl.StaticLoggerBinder".
SLF4J: Defaulting to no-operation (NOP) logger implementation
SLF4J: See http://www.slf4j.org/codes.html#StaticLoggerBinder for further details.
Starting ChromeDriver 92.0.4515.107 (87a818b10553a07434ea9e2b6dccf3cbe7895134-refs/branch-heads/4515@{#1634}) on port 18130
Only local connections are allowed.
Please see https://chromedriver.chromium.org/security-considerations for suggestions on keeping ChromeDriver safe.
ChromeDriver was started successfully.
Ağu 17, 2021 3:22:22 PM org.openqa.selenium.remote.ProtocolHandshake createSession
INFO: Detected dialect: W3C
]]></system-err>
  </testcase>
  <testcase name="go_to_cart" classname="org.example.Test_Add_Product_To_Cart" time="0">
    <failure type="java.lang.NullPointerException">java.lang.NullPointerException
	at org.example.Test_Add_Product_To_Cart.go_to_cart(Test_Add_Product_To_Cart.java:41)
</failure>
  </testcase>
  <testcase name="search_a_product" classname="org.example.Test_Add_Product_To_Cart" time="0.003">
    <failure type="java.lang.NullPointerException">java.lang.NullPointerException
	at org.example.Test_Add_Product_To_Cart.search_a_product(Test_Add_Product_To_Cart.java:17)
</failure>
  </testcase>
  <testcase name="select_a_product" classname="org.example.Test_Add_Product_To_Cart" time="0">
    <failure type="java.lang.NullPointerException">java.lang.NullPointerException
	at org.example.Test_Add_Product_To_Cart.select_a_product(Test_Add_Product_To_Cart.java:26)
</failure>
  </testcase>
  <testcase name="shouldAnswerWithTrue on shouldAnswerWithTrue(org.example.AppTest)" classname="org.example.AppTest" time="0"/>
</testsuite>